20:26:35.207 [main] INFO  testCases.TC001_AccountRegistrationtest - customer First Name
20:26:35.377 [main] INFO  testCases.TC001_AccountRegistrationtest - customer Last Name
20:26:35.537 [main] INFO  testCases.TC001_AccountRegistrationtest - customer Email
20:26:35.658 [main] INFO  testCases.TC001_AccountRegistrationtest - customer password
20:26:36.872 [main] INFO  testCases.TC001_AccountRegistrationtest - clicked on the Newstellar
20:26:38.084 [main] INFO  testCases.TC001_AccountRegistrationtest - clicked on the agreement
20:26:38.158 [main] INFO  testCases.TC001_AccountRegistrationtest - clicked on continue
20:28:34.925 [main] INFO  testCases.TC001_AccountRegistrationtest - ******Starting the Test******
20:28:35.181 [main] INFO  testCases.TC001_AccountRegistrationtest - click on My account
20:28:35.852 [main] INFO  testCases.TC001_AccountRegistrationtest - click on My Register
20:28:36.054 [main] INFO  testCases.TC001_AccountRegistrationtest - customer First Name
20:28:36.186 [main] INFO  testCases.TC001_AccountRegistrationtest - customer Last Name
20:28:36.351 [main] INFO  testCases.TC001_AccountRegistrationtest - customer Email
20:28:36.480 [main] INFO  testCases.TC001_AccountRegistrationtest - customer password
20:28:37.692 [main] INFO  testCases.TC001_AccountRegistrationtest - clicked on the Newstellar
20:28:38.887 [main] INFO  testCases.TC001_AccountRegistrationtest - clicked on the agreement
20:28:38.927 [main] INFO  testCases.TC001_AccountRegistrationtest - clicked on continue
21:12:25.338 [main] INFO  testCases.TC001_AccountRegistrationtest - ******Starting the Test******
21:12:25.590 [main] INFO  testCases.TC001_AccountRegistrationtest - click on My account
21:12:26.252 [main] INFO  testCases.TC001_AccountRegistrationtest - click on My Register
21:12:26.426 [main] INFO  testCases.TC001_AccountRegistrationtest - customer First Name
21:12:26.555 [main] INFO  testCases.TC001_AccountRegistrationtest - customer Last Name
21:12:26.694 [main] INFO  testCases.TC001_AccountRegistrationtest - customer Email
21:12:26.798 [main] INFO  testCases.TC001_AccountRegistrationtest - customer password
21:12:27.974 [main] ERROR testCases.TC001_AccountRegistrationtest - Test case failed
